21/06/2017 21:46:04 - [DEBUG:4111] Iniciando Cliente
21/06/2017 21:46:04 - [DEBUG:4111] Enviando un mensaje de busqueda...
21/06/2017 21:46:57 - [DEBUG:4128] Iniciando Servidor
21/06/2017 21:46:57 - [DEBUG:4128] Esperando request...
21/06/2017 21:47:04 - [DEBUG:4128] Recibo señal de salida
21/06/2017 21:47:04 - [DEBUG:4128] Saliendo...
21/06/2017 21:47:04 - [DEBUG:4128] Finalizando Servidor
21/06/2017 21:47:04 - [DEBUG:4131] Iniciando Cliente
21/06/2017 21:47:04 - [DEBUG:4131] Enviando un mensaje de busqueda...
21/06/2017 21:47:18 - [DEBUG:4141] Iniciando Servidor
21/06/2017 21:47:18 - [DEBUG:4141] Esperando request...
21/06/2017 21:47:18 - [DEBUG:4143] Iniciando Cliente
21/06/2017 21:47:18 - [DEBUG:4143] Enviando un mensaje de busqueda...
21/06/2017 21:47:18 - [DEBUG:4143] Enviando un mensaje de nuevo registro...
21/06/2017 21:47:18 - [DEBUG:4141] Request recibido!
21/06/2017 21:47:18 - [DEBUG:4141] Esperando request...
21/06/2017 21:47:18 - [DEBUG:4147] Por procesar el siguiente request
21/06/2017 21:47:18 - [DEBUG:4147] mtype: 1 success: 0 row: Nombre:  Direccion:  Telefono: 
21/06/2017 21:47:18 - [DEBUG:4147] Procesando Request en nuevo proceso...
21/06/2017 21:47:18 - [DEBUG:4147] Buscando nombre
21/06/2017 21:47:18 - [DEBUG:4147] Respondiendo...
21/06/2017 21:47:18 - [DEBUG:4147] Enviando: 
21/06/2017 21:47:18 - [DEBUG:4147] mtype: 4143 success: 0 row: Nombre:  Direccion:  Telefono: 
21/06/2017 22:13:33 - [DEBUG:4239] Iniciando Servidor
21/06/2017 22:13:33 - [DEBUG:4239] Esperando request...
21/06/2017 22:13:33 - [DEBUG:4241] Iniciando Cliente
21/06/2017 22:13:33 - [DEBUG:4241] Enviando un mensaje de busqueda...
21/06/2017 22:14:00 - [DEBUG:4253] Iniciando Servidor
21/06/2017 22:14:00 - [DEBUG:4253] Esperando request...
21/06/2017 22:14:00 - [DEBUG:4255] Iniciando Cliente
21/06/2017 22:14:00 - [DEBUG:4255] Enviando un mensaje de busqueda...
21/06/2017 22:24:30 - [DEBUG:4383] Iniciando Cliente
21/06/2017 22:24:30 - [DEBUG:4383] Enviando un mensaje de busqueda...
21/06/2017 22:24:57 - [DEBUG:4397] Iniciando Cliente
21/06/2017 22:24:57 - [DEBUG:4397] Enviando un mensaje de busqueda...
21/06/2017 22:24:59 - [DEBUG:4409] Iniciando Cliente
21/06/2017 22:24:59 - [DEBUG:4409] Enviando un mensaje de busqueda...
